<?xml version="1.0" encoding="UTF-8"?>
<robot generator="Robot 6.0.2 (Python 3.9.13 on win32)" generated="20230418 22:02:05.675" rpa="false" schemaversion="3">
<suite id="s1" name="Test" source="C:\Users\E\PycharmProjects\pythonProject\test.robot">
<test id="s1-t1" name="Cases 1" line="17">
<kw name="Open Browser" library="SeleniumLibrary">
<arg>https://oko.press/</arg>
<arg>Chrome</arg>
<doc>Opens a new browser instance to the optional ``url``.</doc>
<msg timestamp="20230418 22:02:05.940" level="INFO">Opening browser 'Chrome' to base url 'https://oko.press/'.</msg>
<status status="PASS" starttime="20230418 22:02:05.940" endtime="20230418 22:02:12.033"/>
</kw>
<kw name="Maximize Browser Window" library="SeleniumLibrary">
<doc>Maximizes current browser window.</doc>
<status status="PASS" starttime="20230418 22:02:12.033" endtime="20230418 22:02:12.558"/>
</kw>
<kw name="Sleep" library="BuiltIn">
<arg>2</arg>
<doc>Pauses the test executed for the given time.</doc>
<msg timestamp="20230418 22:02:14.568" level="INFO">Slept 2 seconds</msg>
<status status="PASS" starttime="20230418 22:02:12.558" endtime="20230418 22:02:14.568"/>
</kw>
<kw name="Click Button" library="SeleniumLibrary">
<arg>xpath=//*[@id="__next"]/div[4]/div/div[2]/button</arg>
<doc>Clicks the button identified by ``locator``.</doc>
<msg timestamp="20230418 22:02:14.568" level="INFO">Clicking button 'xpath=//*[@id="__next"]/div[4]/div/div[2]/button'.</msg>
<status status="PASS" starttime="20230418 22:02:14.568" endtime="20230418 22:02:14.726"/>
</kw>
<kw name="Sleep" library="BuiltIn">
<arg>2</arg>
<doc>Pauses the test executed for the given time.</doc>
<msg timestamp="20230418 22:02:16.736" level="INFO">Slept 2 seconds</msg>
<status status="PASS" starttime="20230418 22:02:14.726" endtime="20230418 22:02:16.736"/>
</kw>
<kw name="Click Element" library="SeleniumLibrary">
<arg>${forwarding}</arg>
<doc>Click the element identified by ``locator``.</doc>
<msg timestamp="20230418 22:02:16.736" level="INFO">Clicking element '//body/div[@id='__next']/div[3]/div[1]/nav[1]/div[1]/div[1]/div[2]/div[1]/a[1]'.</msg>
<status status="PASS" starttime="20230418 22:02:16.736" endtime="20230418 22:02:16.988"/>
</kw>
<kw name="Input Text" library="SeleniumLibrary">
<arg>${login}</arg>
<arg>${email}</arg>
<doc>Types the given ``text`` into the text field identified by ``locator``.</doc>
<msg timestamp="20230418 22:02:16.988" level="INFO">Typing text 'meritotest@gmail.com' into text field '//body/div[@id='__next']/div[3]/div[3]/section[1]/div[1]/div[2]/div[1]/form[1]/div[1]/div[1]/div[1]/input[1]'.</msg>
<status status="PASS" starttime="20230418 22:02:16.988" endtime="20230418 22:02:17.406"/>
</kw>
<kw name="Input Password" library="SeleniumLibrary">
<arg>${password}</arg>
<arg>${password for email}</arg>
<doc>Types the given password into the text field identified by ``locator``.</doc>
<msg timestamp="20230418 22:02:17.408" level="INFO">Typing password into text field '//body/div[@id='__next']/div[3]/div[3]/section[1]/div[1]/div[2]/div[1]/form[1]/div[1]/div[2]/div[1]/div[1]/input[1]'.</msg>
<msg timestamp="20230418 22:02:17.453" level="INFO">Temporally setting log level to: NONE</msg>
<msg timestamp="20230418 22:02:17.594" level="INFO">Log level changed from NONE to INFO.</msg>
<status status="PASS" starttime="20230418 22:02:17.406" endtime="20230418 22:02:17.594"/>
</kw>
<kw name="Click Button" library="SeleniumLibrary">
<arg>${click_singin}</arg>
<doc>Clicks the button identified by ``locator``.</doc>
<msg timestamp="20230418 22:02:17.596" level="INFO">Clicking button '//button[@id='login']'.</msg>
<status status="PASS" starttime="20230418 22:02:17.595" endtime="20230418 22:02:17.698"/>
</kw>
<kw name="Sleep" library="BuiltIn">
<arg>6</arg>
<doc>Pauses the test executed for the given time.</doc>
<msg timestamp="20230418 22:02:23.700" level="INFO">Slept 6 seconds</msg>
<status status="PASS" starttime="20230418 22:02:17.699" endtime="20230418 22:02:23.700"/>
</kw>
<status status="PASS" starttime="20230418 22:02:05.940" endtime="20230418 22:02:23.700"/>
</test>
<status status="PASS" starttime="20230418 22:02:05.675" endtime="20230418 22:02:23.700"/>
</suite>
<statistics>
<total>
<stat pass="1" fail="0" skip="0">All Tests</stat>
</total>
<tag>
</tag>
<suite>
<stat pass="1" fail="0" skip="0" id="s1" name="Test">Test</stat>
</suite>
</statistics>
<errors>
</errors>
</robot>
